[0m19:35:56.655911 [debug] [MainThread]: Sending event: {'category': 'dbt', 'action': 'invocation', 'label': 'start', 'context': [<snowplow_tracker.self_describing_json.SelfDescribingJson object at 0x7b199e33d090>, <snowplow_tracker.self_describing_json.SelfDescribingJson object at 0x7b199ca29b40>, <snowplow_tracker.self_describing_json.SelfDescribingJson object at 0x7b199ca29ba0>]}


============================== 19:35:56.659687 | b11a3f19-bda2-4a5f-94ba-a3435fd889ef ==============================
[0m19:35:56.659687 [info ] [MainThread]: Running with dbt=1.8.2
[0m19:35:56.660335 [debug] [MainThread]: running dbt with arguments {'printer_width': '80', 'indirect_selection': 'eager', 'write_json': 'True', 'log_cache_events': 'False', 'partial_parse': 'True', 'cache_selected_only': 'False', 'profiles_dir': '/home/vscode/.dbt', 'debug': 'False', 'version_check': 'True', 'log_path': 'logs', 'fail_fast': 'False', 'warn_error': 'None', 'use_colors': 'True', 'use_experimental_parser': 'False', 'no_print': 'None', 'quiet': 'False', 'log_format': 'default', 'static_parser': 'True', 'introspect': 'True', 'invocation_command': 'dbt init', 'target_path': 'None', 'warn_error_options': 'WarnErrorOptions(include=[], exclude=[])', 'send_anonymous_usage_stats': 'True'}
[0m19:35:56.667329 [warn ] [MainThread]: [ConfigFolderDirectory]: Unable to parse dict {'dir': PosixPath('/home/vscode/.dbt')}
[0m19:35:56.667823 [info ] [MainThread]: Creating dbt configuration folder at 
[0m19:36:03.295890 [debug] [MainThread]: Starter project path: /home/vscode/.local/lib/python3.10/site-packages/dbt/include/starter_project
[0m19:36:03.301027 [info ] [MainThread]: 
Your new dbt project "coffee_shop_amc" was created!

For more information on how to configure the profiles.yml file,
please consult the dbt documentation here:

  https://docs.getdbt.com/docs/configure-your-profile

One more thing:

Need help? Don't hesitate to reach out to us via GitHub issues or on Slack:

  https://community.getdbt.com/

Happy modeling!

[0m19:36:03.301658 [info ] [MainThread]: Setting up your profile.
[0m19:37:02.423515 [info ] [MainThread]: Profile coffee_shop_amc written to /home/vscode/.dbt/profiles.yml using target's profile_template.yml and your supplied values. Run 'dbt debug' to validate the connection.
[0m19:37:02.430360 [debug] [MainThread]: Resource report: {"command_name": "init", "command_success": true, "command_wall_clock_time": 65.82433, "process_user_time": 1.572423, "process_kernel_time": 0.355192, "process_mem_max_rss": "197880", "process_in_blocks": "48", "process_out_blocks": "80"}
[0m19:37:02.431017 [debug] [MainThread]: Command `dbt init` succeeded at 19:37:02.430909 after 65.83 seconds
[0m19:37:02.431460 [debug] [MainThread]: Sending event: {'category': 'dbt', 'action': 'invocation', 'label': 'end', 'context': [<snowplow_tracker.self_describing_json.SelfDescribingJson object at 0x7b199e33d090>, <snowplow_tracker.self_describing_json.SelfDescribingJson object at 0x7b199ca2a500>, <snowplow_tracker.self_describing_json.SelfDescribingJson object at 0x7b199ca29ae0>]}
[0m19:37:02.431906 [debug] [MainThread]: Flushing usage events
